  Azure Sphere Utility version 19.5.4.53731
  Copyright (C) Microsoft Corporation. All rights reserved.
   
  Start time (UTC): Tuesday, 23 July 2019 12:12:23 
  verbose: Creating image package. 
  verbose: Azure Sphere application image package written. 
  verbose: Appending metadata. 
  verbose: Wrote metadata:
    Section: Identity
      Image Type:           Application
      Component ID:         283b16c8-d6a2-4d56-8abb-f390b0d3dda9
      Image ID:             f2e9d380-7c1a-4baa-a51a-356680e8a3bc
    Section: Signature
      Signing Type:         ECDsa256
      Cert:                 a8d5cc6958f48710140d7a26160fc1cfc31f5df0
    Section: Debug
      Image Name:           PrivateNetworkServices
      Built On (UTC):       23/07/2019 12:12:23
      Built On (Local):     23/07/2019 15:12:23
    Section: Temporary Image
      Remove image at boot: False
      Under development:    True
    Section: ABI Depends
      Depends on:           ApplicationRuntime, version 2
   
  verbose: Packaging completed successfully. 
  verbose: Output file is at: D:\hack19\azure-sphere-samples\Samples\PrivateNetworkServices\PrivateNetworkServices\bin\ARM\Debug\PrivateNetworkServices.imagepackage 
  Command completed successfully in 00:00:00.5288787. 
