  Azure Sphere Utility version 19.5.4.53731
  Copyright (C) Microsoft Corporation. All rights reserved.
   
  Start time (UTC): Tuesday, 23 July 2019 14:25:11 
  verbose: Creating image package. 
  verbose: Azure Sphere application image package written. 
  verbose: Appending metadata. 
  verbose: Wrote metadata:
    Section: Identity
      Image Type:           Application
      Component ID:         cee8898f-372c-4444-942b-56a5378e985d
      Image ID:             c7df8296-bc5d-44e0-89c8-e43675d99f7d
    Section: Signature
      Signing Type:         ECDsa256
      Cert:                 a8d5cc6958f48710140d7a26160fc1cfc31f5df0
    Section: Debug
      Image Name:           GroveOledDisplay
      Built On (UTC):       23/07/2019 14:25:12
      Built On (Local):     23/07/2019 17:25:12
    Section: Temporary Image
      Remove image at boot: False
      Under development:    True
    Section: ABI Depends
      Depends on:           ApplicationRuntime, version 2
   
  verbose: Packaging completed successfully. 
  verbose: Output file is at: D:\hack19\SphereWallet\Sphere\Projects\Grove_OLED_Display\GroveOledDisplay\bin\ARM\Debug\GroveOledDisplay.imagepackage 
  Command completed successfully in 00:00:00.7480365. 
